d:\coding\my computer games\saolei\msaolei\msaolei\debug\qrc_msaolei.obj
d:\coding\my computer games\saolei\msaolei\msaolei\debug\moc_msaolei.obj
d:\coding\my computer games\saolei\msaolei\msaolei\debug\moc_slbutton.obj
d:\coding\my computer games\saolei\msaolei\msaolei\debug\msaolei.obj
d:\coding\my computer games\saolei\msaolei\msaolei\debug\slbutton.obj
d:\coding\my computer games\saolei\msaolei\msaolei\debug\vc141.pdb
d:\coding\my computer games\saolei\msaolei\msaolei\debug\main.obj
d:\coding\my computer games\saolei\msaolei\debug\msaolei.exe
d:\coding\my computer games\saolei\msaolei\debug\msaolei.ilk
d:\coding\my computer games\saolei\msaolei\debug\msaolei.pdb
d:\coding\my computer games\saolei\msaolei\msaolei\debug\\moc\moc_msaolei.cpp
d:\coding\my computer games\saolei\msaolei\msaolei\debug\\moc\moc_slbutton.cpp
d:\coding\my computer games\saolei\msaolei\msaolei\debug\uic\ui_msaolei.h
d:\coding\my computer games\saolei\msaolei\msaolei\debug\rcc\qrc_msaolei.cpp
d:\coding\my computer games\saolei\msaolei\msaolei\debug\moc\moc_msaolei.cpp
d:\coding\my computer games\saolei\msaolei\msaolei\debug\moc\moc_slbutton.cpp
d:\coding\my computer games\saolei\msaolei\msaolei\debug\\rcc\qrc_msaolei.cpp
d:\coding\my computer games\saolei\msaolei\msaolei\debug\\uic\ui_msaolei.h
d:\coding\my computer games\saolei\msaolei\msaolei\debug\msaolei.tlog\cl.command.1.tlog
d:\coding\my computer games\saolei\msaolei\msaolei\debug\msaolei.tlog\cl.read.1.tlog
d:\coding\my computer games\saolei\msaolei\msaolei\debug\msaolei.tlog\cl.write.1.tlog
d:\coding\my computer games\saolei\msaolei\msaolei\debug\msaolei.tlog\link.command.1.tlog
d:\coding\my computer games\saolei\msaolei\msaolei\debug\msaolei.tlog\link.read.1.tlog
d:\coding\my computer games\saolei\msaolei\msaolei\debug\msaolei.tlog\link.write.1.tlog
d:\coding\my computer games\saolei\msaolei\msaolei\debug\msaolei.tlog\moc.read.1u.tlog
d:\coding\my computer games\saolei\msaolei\msaolei\debug\msaolei.tlog\moc.write.1u.tlog
d:\coding\my computer games\saolei\msaolei\msaolei\debug\msaolei.tlog\msaolei.write.1u.tlog
d:\coding\my computer games\saolei\msaolei\msaolei\debug\msaolei.tlog\rcc.read.1u.tlog
d:\coding\my computer games\saolei\msaolei\msaolei\debug\msaolei.tlog\rcc.write.1u.tlog
d:\coding\my computer games\saolei\msaolei\msaolei\debug\msaolei.tlog\uic.read.1u.tlog
d:\coding\my computer games\saolei\msaolei\msaolei\debug\msaolei.tlog\uic.write.1u.tlog
